
/home/runner/work/exp-applied-linear-algebra-quantum-amrt/exp-applied-linear-algebra-quantum-amrt/experiment/simulation/js/index-CXJ1DJol.js
  1:5356    warning  'process' is not defined                                                   no-undef
  1:5382    warning  'process' is not defined                                                   no-undef
  1:9950    warning  'setImmediate' is not defined                                              no-undef
  1:10811   warning  Unreachable code                                                           no-unreachable
  1:16103   warning  '__REACT_DEVTOOLS_GLOBAL_HOOK__' is not defined                            no-undef
  1:16160   warning  '__REACT_DEVTOOLS_GLOBAL_HOOK__' is not defined                            no-undef
  1:19540   warning  Empty block statement                                                      no-empty
  6:202     warning  Expected a conditional expression and instead saw an assignment            no-cond-assign
  8:548     warning  Empty block statement                                                      no-empty
  8:4239    warning  Expected a conditional expression and instead saw an assignment            no-cond-assign
  8:4339    warning  Expected a conditional expression and instead saw an assignment            no-cond-assign
  8:4422    warning  Expected a conditional expression and instead saw an assignment            no-cond-assign
  8:4879    warning  Unexpected combined character in character class                           no-misleading-character-class
  8:6394    warning  Do not access Object.prototype method 'hasOwnProperty' from target object  no-prototype-builtins
  8:8622    warning  Do not access Object.prototype method 'hasOwnProperty' from target object  no-prototype-builtins
  8:10740   warning  Do not access Object.prototype method 'hasOwnProperty' from target object  no-prototype-builtins
  8:10770   warning  Do not access Object.prototype method 'hasOwnProperty' from target object  no-prototype-builtins
  8:10889   warning  Do not access Object.prototype method 'hasOwnProperty' from target object  no-prototype-builtins
  8:10950   warning  Do not access Object.prototype method 'hasOwnProperty' from target object  no-prototype-builtins
  8:13913   warning  Unexpected control character(s) in regular expression: \x00, \x1f          no-control-regex
  8:15956   warning  Expected to return a value in method 'get'                                 getter-return
  8:16646   warning  Do not access Object.prototype method 'hasOwnProperty' from target object  no-prototype-builtins
  8:16988   warning  Invalid typeof comparison value                                            valid-typeof
  8:17162   warning  Invalid typeof comparison value                                            valid-typeof
  8:19027   warning  Expected a conditional expression and instead saw an assignment            no-cond-assign
  8:25346   warning  Do not access Object.prototype method 'hasOwnProperty' from target object  no-prototype-builtins
  8:26656   warning  'process' is not defined                                                   no-undef
  8:26682   warning  'process' is not defined                                                   no-undef
  8:45685   warning  Expected a 'break' statement before 'case'                                 no-fallthrough
  8:46145   warning  Unexpected constant condition                                              no-constant-condition
  8:59145   warning  Empty block statement                                                      no-empty
  8:64691   warning  Expected a conditional expression and instead saw an assignment            no-cond-assign
  8:69597   warning  Expected a conditional expression and instead saw an assignment            no-cond-assign
  8:72495   warning  Expected a conditional expression and instead saw an assignment            no-cond-assign
  8:73603   warning  Expected a conditional expression and instead saw an assignment            no-cond-assign
  8:75282   warning  Expected a conditional expression and instead saw an assignment            no-cond-assign
  8:81891   warning  Expected a conditional expression and instead saw an assignment            no-cond-assign
  8:86877   warning  Unnecessary escape character: \/                                           no-useless-escape
  8:97644   warning  Expected a 'break' statement before 'case'                                 no-fallthrough
  8:98597   warning  Empty block statement                                                      no-empty
  8:98876   warning  Expected a 'break' statement before 'case'                                 no-fallthrough
  8:102072  warning  Expected a conditional expression and instead saw an assignment            no-cond-assign
  8:104443  warning  Do not access Object.prototype method 'hasOwnProperty' from target object  no-prototype-builtins
  8:106257  warning  Expected a 'break' statement before 'case'                                 no-fallthrough
  8:106930  warning  Expected a 'break' statement before 'case'                                 no-fallthrough
  8:112720  warning  Expected a 'break' statement before 'case'                                 no-fallthrough
  8:113054  warning  Unexpected constant condition                                              no-constant-condition
  8:115672  warning  Unexpected constant condition                                              no-constant-condition
  8:116297  warning  Expected a 'break' statement before 'case'                                 no-fallthrough
  8:116616  warning  Unexpected constant condition                                              no-constant-condition
  8:117016  warning  Expected a 'break' statement before 'default'                              no-fallthrough
  8:119501  warning  Expected a conditional expression and instead saw an assignment            no-cond-assign
  8:120313  warning  Empty block statement                                                      no-empty
  8:121063  warning  Empty block statement                                                      no-empty
  8:122540  warning  'e' is defined but never used                                              no-unused-vars
  8:124932  warning  Expected a conditional expression and instead saw an assignment            no-cond-assign
  8:128694  warning  Expected a 'break' statement before 'case'                                 no-fallthrough
  8:128881  warning  Expected a 'break' statement before 'case'                                 no-fallthrough
  8:130095  warning  Expected a conditional expression and instead saw an assignment            no-cond-assign
  8:131595  warning  Expected a 'break' statement before 'case'                                 no-fallthrough
  8:133127  warning  Unexpected control character(s) in regular expression: \x00                no-control-regex
  9:476     warning  Expected a 'break' statement before 'case'                                 no-fallthrough
  9:5078    warning  Do not access Object.prototype method 'hasOwnProperty' from target object  no-prototype-builtins
  9:5650    warning  Do not access Object.prototype method 'hasOwnProperty' from target object  no-prototype-builtins
  9:5989    warning  Do not access Object.prototype method 'hasOwnProperty' from target object  no-prototype-builtins
  9:6384    warning  Do not access Object.prototype method 'hasOwnProperty' from target object  no-prototype-builtins
  9:6500    warning  Expected a 'break' statement before 'default'                              no-fallthrough
  9:6662    warning  Do not access Object.prototype method 'hasOwnProperty' from target object  no-prototype-builtins
  9:6922    warning  Do not access Object.prototype method 'hasOwnProperty' from target object  no-prototype-builtins
  9:7395    warning  Expected a 'break' statement before 'case'                                 no-fallthrough
  9:7534    warning  Do not access Object.prototype method 'hasOwnProperty' from target object  no-prototype-builtins
  9:7712    warning  Do not access Object.prototype method 'hasOwnProperty' from target object  no-prototype-builtins
  9:7794    warning  Do not access Object.prototype method 'hasOwnProperty' from target object  no-prototype-builtins
  9:8055    warning  Do not access Object.prototype method 'hasOwnProperty' from target object  no-prototype-builtins
  9:8153    warning  Expected a 'break' statement before 'default'                              no-fallthrough
  9:8163    warning  Do not access Object.prototype method 'hasOwnProperty' from target object  no-prototype-builtins
  9:8241    warning  Do not access Object.prototype method 'hasOwnProperty' from target object  no-prototype-builtins
  9:8629    warning  Do not access Object.prototype method 'hasOwnProperty' from target object  no-prototype-builtins
  9:8703    warning  Expected a 'break' statement before 'default'                              no-fallthrough
  9:8713    warning  Do not access Object.prototype method 'hasOwnProperty' from target object  no-prototype-builtins
  9:8781    warning  Do not access Object.prototype method 'hasOwnProperty' from target object  no-prototype-builtins
  9:8899    warning  Expected a 'break' statement before 'default'                              no-fallthrough
  9:9075    warning  Do not access Object.prototype method 'hasOwnProperty' from target object  no-prototype-builtins
  9:9106    warning  Do not access Object.prototype method 'hasOwnProperty' from target object  no-prototype-builtins
  9:9230    warning  Do not access Object.prototype method 'hasOwnProperty' from target object  no-prototype-builtins
  9:9501    warning  Do not access Object.prototype method 'hasOwnProperty' from target object  no-prototype-builtins
  9:9532    warning  Do not access Object.prototype method 'hasOwnProperty' from target object  no-prototype-builtins
  9:9628    warning  Do not access Object.prototype method 'hasOwnProperty' from target object  no-prototype-builtins
  9:9962    warning  Do not access Object.prototype method 'hasOwnProperty' from target object  no-prototype-builtins
  9:9993    warning  Do not access Object.prototype method 'hasOwnProperty' from target object  no-prototype-builtins
  9:10061   warning  Do not access Object.prototype method 'hasOwnProperty' from target object  no-prototype-builtins
  9:10275   warning  Do not access Object.prototype method 'hasOwnProperty' from target object  no-prototype-builtins
  9:10310   warning  Do not access Object.prototype method 'hasOwnProperty' from target object  no-prototype-builtins
  9:10380   warning  Do not access Object.prototype method 'hasOwnProperty' from target object  no-prototype-builtins
  9:10478   warning  Do not access Object.prototype method 'hasOwnProperty' from target object  no-prototype-builtins
  9:10509   warning  Do not access Object.prototype method 'hasOwnProperty' from target object  no-prototype-builtins
  9:10575   warning  Do not access Object.prototype method 'hasOwnProperty' from target object  no-prototype-builtins
  9:18621   warning  Expected a conditional expression and instead saw an assignment            no-cond-assign
  9:19692   warning  Expected a conditional expression and instead saw an assignment            no-cond-assign
  9:22225   warning  Expected a conditional expression and instead saw an assignment            no-cond-assign
  9:34278   warning  'navigation' is not defined                                                no-undef
  9:34307   warning  'navigation' is not defined                                                no-undef
  9:34347   warning  'navigation' is not defined                                                no-undef
  9:34493   warning  'navigation' is not defined                                                no-undef
  9:34535   warning  'navigation' is not defined                                                no-undef
  9:34584   warning  'navigation' is not defined                                                no-undef
  9:34665   warning  'navigation' is not defined                                                no-undef
  9:34710   warning  'navigation' is not defined                                                no-undef
  9:34762   warning  'navigation' is not defined                                                no-undef
  9:35909   warning  '__REACT_DEVTOOLS_GLOBAL_HOOK__' is not defined                            no-undef
  9:36008   warning  Empty block statement                                                      no-empty
  9:37154   warning  '__REACT_DEVTOOLS_GLOBAL_HOOK__' is not defined                            no-undef
  9:37211   warning  '__REACT_DEVTOOLS_GLOBAL_HOOK__' is not defined                            no-undef
  9:38710   warning  'f' is defined but never used                                              no-unused-vars
  9:43939   warning  'f' is defined but never used                                              no-unused-vars
  9:54355   warning  's' is assigned a value but never used                                     no-unused-vars
  9:54378   warning  'd' is assigned a value but never used                                     no-unused-vars
  9:54402   warning  'm' is assigned a value but never used                                     no-unused-vars

/home/runner/work/exp-applied-linear-algebra-quantum-amrt/exp-applied-linear-algebra-quantum-amrt/experiment/simulation/js/index-D0TWLlnk.js
  1:5356    warning  'process' is not defined                                                   no-undef
  1:5382    warning  'process' is not defined                                                   no-undef
  1:9950    warning  'setImmediate' is not defined                                              no-undef
  1:10811   warning  Unreachable code                                                           no-unreachable
  1:16103   warning  '__REACT_DEVTOOLS_GLOBAL_HOOK__' is not defined                            no-undef
  1:16160   warning  '__REACT_DEVTOOLS_GLOBAL_HOOK__' is not defined                            no-undef
  1:19540   warning  Empty block statement                                                      no-empty
  6:202     warning  Expected a conditional expression and instead saw an assignment            no-cond-assign
  8:548     warning  Empty block statement                                                      no-empty
  8:4239    warning  Expected a conditional expression and instead saw an assignment            no-cond-assign
  8:4339    warning  Expected a conditional expression and instead saw an assignment            no-cond-assign
  8:4422    warning  Expected a conditional expression and instead saw an assignment            no-cond-assign
  8:4879    warning  Unexpected combined character in character class                           no-misleading-character-class
  8:6394    warning  Do not access Object.prototype method 'hasOwnProperty' from target object  no-prototype-builtins
  8:8622    warning  Do not access Object.prototype method 'hasOwnProperty' from target object  no-prototype-builtins
  8:10740   warning  Do not access Object.prototype method 'hasOwnProperty' from target object  no-prototype-builtins
  8:10770   warning  Do not access Object.prototype method 'hasOwnProperty' from target object  no-prototype-builtins
  8:10889   warning  Do not access Object.prototype method 'hasOwnProperty' from target object  no-prototype-builtins
  8:10950   warning  Do not access Object.prototype method 'hasOwnProperty' from target object  no-prototype-builtins
  8:13913   warning  Unexpected control character(s) in regular expression: \x00, \x1f          no-control-regex
  8:15956   warning  Expected to return a value in method 'get'                                 getter-return
  8:16646   warning  Do not access Object.prototype method 'hasOwnProperty' from target object  no-prototype-builtins
  8:16988   warning  Invalid typeof comparison value                                            valid-typeof
  8:17162   warning  Invalid typeof comparison value                                            valid-typeof
  8:19027   warning  Expected a conditional expression and instead saw an assignment            no-cond-assign
  8:25346   warning  Do not access Object.prototype method 'hasOwnProperty' from target object  no-prototype-builtins
  8:26656   warning  'process' is not defined                                                   no-undef
  8:26682   warning  'process' is not defined                                                   no-undef
  8:45685   warning  Expected a 'break' statement before 'case'                                 no-fallthrough
  8:46145   warning  Unexpected constant condition                                              no-constant-condition
  8:59145   warning  Empty block statement                                                      no-empty
  8:64691   warning  Expected a conditional expression and instead saw an assignment            no-cond-assign
  8:69597   warning  Expected a conditional expression and instead saw an assignment            no-cond-assign
  8:72495   warning  Expected a conditional expression and instead saw an assignment            no-cond-assign
  8:73603   warning  Expected a conditional expression and instead saw an assignment            no-cond-assign
  8:75282   warning  Expected a conditional expression and instead saw an assignment            no-cond-assign
  8:81891   warning  Expected a conditional expression and instead saw an assignment            no-cond-assign
  8:86877   warning  Unnecessary escape character: \/                                           no-useless-escape
  8:97644   warning  Expected a 'break' statement before 'case'                                 no-fallthrough
  8:98597   warning  Empty block statement                                                      no-empty
  8:98876   warning  Expected a 'break' statement before 'case'                                 no-fallthrough
  8:102072  warning  Expected a conditional expression and instead saw an assignment            no-cond-assign
  8:104443  warning  Do not access Object.prototype method 'hasOwnProperty' from target object  no-prototype-builtins
  8:106257  warning  Expected a 'break' statement before 'case'                                 no-fallthrough
  8:106930  warning  Expected a 'break' statement before 'case'                                 no-fallthrough
  8:112720  warning  Expected a 'break' statement before 'case'                                 no-fallthrough
  8:113054  warning  Unexpected constant condition                                              no-constant-condition
  8:115672  warning  Unexpected constant condition                                              no-constant-condition
  8:116297  warning  Expected a 'break' statement before 'case'                                 no-fallthrough
  8:116616  warning  Unexpected constant condition                                              no-constant-condition
  8:117016  warning  Expected a 'break' statement before 'default'                              no-fallthrough
  8:119501  warning  Expected a conditional expression and instead saw an assignment            no-cond-assign
  8:120313  warning  Empty block statement                                                      no-empty
  8:121063  warning  Empty block statement                                                      no-empty
  8:122540  warning  'e' is defined but never used                                              no-unused-vars
  8:124932  warning  Expected a conditional expression and instead saw an assignment            no-cond-assign
  8:128694  warning  Expected a 'break' statement before 'case'                                 no-fallthrough
  8:128881  warning  Expected a 'break' statement before 'case'                                 no-fallthrough
  8:130095  warning  Expected a conditional expression and instead saw an assignment            no-cond-assign
  8:131595  warning  Expected a 'break' statement before 'case'                                 no-fallthrough
  8:133127  warning  Unexpected control character(s) in regular expression: \x00                no-control-regex
  9:476     warning  Expected a 'break' statement before 'case'                                 no-fallthrough
  9:5078    warning  Do not access Object.prototype method 'hasOwnProperty' from target object  no-prototype-builtins
  9:5650    warning  Do not access Object.prototype method 'hasOwnProperty' from target object  no-prototype-builtins
  9:5989    warning  Do not access Object.prototype method 'hasOwnProperty' from target object  no-prototype-builtins
  9:6384    warning  Do not access Object.prototype method 'hasOwnProperty' from target object  no-prototype-builtins
  9:6500    warning  Expected a 'break' statement before 'default'                              no-fallthrough
  9:6662    warning  Do not access Object.prototype method 'hasOwnProperty' from target object  no-prototype-builtins
  9:6922    warning  Do not access Object.prototype method 'hasOwnProperty' from target object  no-prototype-builtins
  9:7395    warning  Expected a 'break' statement before 'case'                                 no-fallthrough
  9:7534    warning  Do not access Object.prototype method 'hasOwnProperty' from target object  no-prototype-builtins
  9:7712    warning  Do not access Object.prototype method 'hasOwnProperty' from target object  no-prototype-builtins
  9:7794    warning  Do not access Object.prototype method 'hasOwnProperty' from target object  no-prototype-builtins
  9:8055    warning  Do not access Object.prototype method 'hasOwnProperty' from target object  no-prototype-builtins
  9:8153    warning  Expected a 'break' statement before 'default'                              no-fallthrough
  9:8163    warning  Do not access Object.prototype method 'hasOwnProperty' from target object  no-prototype-builtins
  9:8241    warning  Do not access Object.prototype method 'hasOwnProperty' from target object  no-prototype-builtins
  9:8629    warning  Do not access Object.prototype method 'hasOwnProperty' from target object  no-prototype-builtins
  9:8703    warning  Expected a 'break' statement before 'default'                              no-fallthrough
  9:8713    warning  Do not access Object.prototype method 'hasOwnProperty' from target object  no-prototype-builtins
  9:8781    warning  Do not access Object.prototype method 'hasOwnProperty' from target object  no-prototype-builtins
  9:8899    warning  Expected a 'break' statement before 'default'                              no-fallthrough
  9:9075    warning  Do not access Object.prototype method 'hasOwnProperty' from target object  no-prototype-builtins
  9:9106    warning  Do not access Object.prototype method 'hasOwnProperty' from target object  no-prototype-builtins
  9:9230    warning  Do not access Object.prototype method 'hasOwnProperty' from target object  no-prototype-builtins
  9:9501    warning  Do not access Object.prototype method 'hasOwnProperty' from target object  no-prototype-builtins
  9:9532    warning  Do not access Object.prototype method 'hasOwnProperty' from target object  no-prototype-builtins
  9:9628    warning  Do not access Object.prototype method 'hasOwnProperty' from target object  no-prototype-builtins
  9:9962    warning  Do not access Object.prototype method 'hasOwnProperty' from target object  no-prototype-builtins
  9:9993    warning  Do not access Object.prototype method 'hasOwnProperty' from target object  no-prototype-builtins
  9:10061   warning  Do not access Object.prototype method 'hasOwnProperty' from target object  no-prototype-builtins
  9:10275   warning  Do not access Object.prototype method 'hasOwnProperty' from target object  no-prototype-builtins
  9:10310   warning  Do not access Object.prototype method 'hasOwnProperty' from target object  no-prototype-builtins
  9:10380   warning  Do not access Object.prototype method 'hasOwnProperty' from target object  no-prototype-builtins
  9:10478   warning  Do not access Object.prototype method 'hasOwnProperty' from target object  no-prototype-builtins
  9:10509   warning  Do not access Object.prototype method 'hasOwnProperty' from target object  no-prototype-builtins
  9:10575   warning  Do not access Object.prototype method 'hasOwnProperty' from target object  no-prototype-builtins
  9:18621   warning  Expected a conditional expression and instead saw an assignment            no-cond-assign
  9:19692   warning  Expected a conditional expression and instead saw an assignment            no-cond-assign
  9:22225   warning  Expected a conditional expression and instead saw an assignment            no-cond-assign
  9:34278   warning  'navigation' is not defined                                                no-undef
  9:34307   warning  'navigation' is not defined                                                no-undef
  9:34347   warning  'navigation' is not defined                                                no-undef
  9:34493   warning  'navigation' is not defined                                                no-undef
  9:34535   warning  'navigation' is not defined                                                no-undef
  9:34584   warning  'navigation' is not defined                                                no-undef
  9:34665   warning  'navigation' is not defined                                                no-undef
  9:34710   warning  'navigation' is not defined                                                no-undef
  9:34762   warning  'navigation' is not defined                                                no-undef
  9:35909   warning  '__REACT_DEVTOOLS_GLOBAL_HOOK__' is not defined                            no-undef
  9:36008   warning  Empty block statement                                                      no-empty
  9:37154   warning  '__REACT_DEVTOOLS_GLOBAL_HOOK__' is not defined                            no-undef
  9:37211   warning  '__REACT_DEVTOOLS_GLOBAL_HOOK__' is not defined                            no-undef
  9:38710   warning  'f' is defined but never used                                              no-unused-vars
  9:43939   warning  'f' is defined but never used                                              no-unused-vars
  9:54355   warning  's' is assigned a value but never used                                     no-unused-vars
  9:54378   warning  'd' is assigned a value but never used                                     no-unused-vars
  9:54402   warning  'm' is assigned a value but never used                                     no-unused-vars

✖ 236 problems (0 errors, 236 warnings)

